Flow report for de2_115_golden_sopc
Sun May 07 18:58:41 2017
Quartus II 32-bit Version 12.1 Build 177 11/07/2012 SJ Full Version


---------------------
; Table of Contents ;
---------------------
  1. Legal Notice
  2. Flow Summary
  3. Flow Settings
  4. Flow Non-Default Global Settings
  5. Flow Elapsed Time
  6. Flow OS Summary
  7. Flow Log



----------------
; Legal Notice ;
----------------
Copyright (C) 1991-2012 Altera Corporation
Your use of Altera Corporation's design tools, logic functions 
and other software and tools, and its AMPP partner logic 
functions, and any output files from any of the foregoing 
(including device programming or simulation files), and any 
associated documentation or information are expressly subject 
to the terms and conditions of the Altera Program License 
Subscription Agreement, Altera MegaCore Function License 
Agreement, or other applicable license agreement, including, 
without limitation, that your use is for the sole purpose of 
programming logic devices manufactured by Altera and sold by 
Altera or its authorized distributors.  Please refer to the 
applicable agreement for further details.



+--------------------------------------------------------------------------------+
; Flow Summary                                                                   ;
+------------------------------------+-------------------------------------------+
; Flow Status                        ; Successful - Sun May 07 18:58:11 2017     ;
; Quartus II 32-bit Version          ; 12.1 Build 177 11/07/2012 SJ Full Version ;
; Revision Name                      ; de2_115_golden_sopc                       ;
; Top-level Entity Name              ; de2_115_golden_sopc                       ;
; Family                             ; Cyclone IV E                              ;
; Device                             ; EP4CE115F29C7                             ;
; Timing Models                      ; Final                                     ;
; Total logic elements               ; 4,060 / 114,480 ( 4 % )                   ;
;     Total combinational functions  ; 3,643 / 114,480 ( 3 % )                   ;
;     Dedicated logic registers      ; 2,428 / 114,480 ( 2 % )                   ;
; Total registers                    ; 2547                                      ;
; Total pins                         ; 518 / 529 ( 98 % )                        ;
; Total virtual pins                 ; 0                                         ;
; Total memory bits                  ; 3,199,680 / 3,981,312 ( 80 % )            ;
; Embedded Multiplier 9-bit elements ; 4 / 532 ( < 1 % )                         ;
; Total PLLs                         ; 1 / 4 ( 25 % )                            ;
+------------------------------------+-------------------------------------------+


+-----------------------------------------+
; Flow Settings                           ;
+-------------------+---------------------+
; Option            ; Setting             ;
+-------------------+---------------------+
; Start date & time ; 05/07/2017 18:52:40 ;
; Main task         ; Compilation         ;
; Revision Name     ; de2_115_golden_sopc ;
+-------------------+---------------------+


+-----------------------------------------------------------------------------------------------------------------------------------------------------------+
; Flow Non-Default Global Settings                                                                                                                          ;
+-------------------------------------+--------------------------------------------------------------------------+---------------+-------------+------------+
; Assignment Name                     ; Value                                                                    ; Default Value ; Entity Name ; Section Id ;
+-------------------------------------+--------------------------------------------------------------------------+---------------+-------------+------------+
; COMPILER_SIGNATURE_ID               ; 193904257132730.149416336011788                                          ; --            ; --          ; --         ;
; MAX_CORE_JUNCTION_TEMP              ; 85                                                                       ; --            ; --          ; --         ;
; MIN_CORE_JUNCTION_TEMP              ; 0                                                                        ; --            ; --          ; --         ;
; MISC_FILE                           ; D:/svn/de2_115_golden_sopc/de2_115_golden_sopc.dpf                       ; --            ; --          ; --         ;
; MISC_FILE                           ; D:/Document/de2c4/de2_115_golden_sopc/de2_115_golden_sopc.dpf            ; --            ; --          ; --         ;
; MISC_FILE                           ; D:/Projects/DE2C4/trunk/test/de2_115_golden_sopc/de2_115_golden_sopc.dpf ; --            ; --          ; --         ;
; MISC_FILE                           ; E:/DE2_115_NEW/trunk/test/de2_115_golden_sopc/de2_115_golden_sopc.dpf    ; --            ; --          ; --         ;
; MISC_FILE                           ; E:/SVN/DE2_115/trunk/test/Golden_sopc/de2_115_golden_sopc.dpf            ; --            ; --          ; --         ;
; MISC_FILE                           ; E:/SVN/DE2_115/trunk/test/de2_115_golden_sopc/de2_115_golden_sopc.dpf    ; --            ; --          ; --         ;
; NUM_PARALLEL_PROCESSORS             ; 2                                                                        ; --            ; --          ; --         ;
; PARTITION_COLOR                     ; 16764057                                                                 ; --            ; --          ; Top        ;
; PARTITION_FITTER_PRESERVATION_LEVEL ; PLACEMENT_AND_ROUTING                                                    ; --            ; --          ; Top        ;
; PARTITION_NETLIST_TYPE              ; SOURCE                                                                   ; --            ; --          ; Top        ;
; POWER_BOARD_THERMAL_MODEL           ; None (CONSERVATIVE)                                                      ; --            ; --          ; --         ;
; POWER_PRESET_COOLING_SOLUTION       ; 23 MM HEAT SINK WITH 200 LFPM AIRFLOW                                    ; --            ; --          ; --         ;
; SMART_RECOMPILE                     ; On                                                                       ; Off           ; --          ; --         ;
; SOPC_BUILDER_SIGNATURE_ID           ; 002618860F9B000001268748D130                                             ; --            ; --          ; --         ;
+-------------------------------------+--------------------------------------------------------------------------+---------------+-------------+------------+


+-------------------------------------------------------------------------------------------------------------------------------+
; Flow Elapsed Time                                                                                                             ;
+---------------------------+--------------+-------------------------+---------------------+------------------------------------+
; Module Name               ; Elapsed Time ; Average Processors Used ; Peak Virtual Memory ; Total CPU Time (on all processors) ;
+---------------------------+--------------+-------------------------+---------------------+------------------------------------+
; Analysis & Synthesis      ; 00:02:04     ; 1.0                     ; 531 MB              ; 00:01:22                           ;
; Fitter                    ; 00:02:52     ; 1.4                     ; 741 MB              ; 00:03:12                           ;
; Assembler                 ; 00:00:20     ; 1.0                     ; 432 MB              ; 00:00:14                           ;
; TimeQuest Timing Analyzer ; 00:00:26     ; 1.3                     ; 532 MB              ; 00:00:23                           ;
; Total                     ; 00:05:42     ; --                      ; --                  ; 00:05:11                           ;
+---------------------------+--------------+-------------------------+---------------------+------------------------------------+


+----------------------------------------------------------------------------------------+
; Flow OS Summary                                                                        ;
+---------------------------+------------------+-----------+------------+----------------+
; Module Name               ; Machine Hostname ; OS Name   ; OS Version ; Processor type ;
+---------------------------+------------------+-----------+------------+----------------+
; Analysis & Synthesis      ; DESKTOP-T205LGF  ; Windows 7 ; 6.2        ; x86_64         ;
; Fitter                    ; DESKTOP-T205LGF  ; Windows 7 ; 6.2        ; x86_64         ;
; Assembler                 ; DESKTOP-T205LGF  ; Windows 7 ; 6.2        ; x86_64         ;
; TimeQuest Timing Analyzer ; DESKTOP-T205LGF  ; Windows 7 ; 6.2        ; x86_64         ;
+---------------------------+------------------+-----------+------------+----------------+


------------
; Flow Log ;
------------
quartus_map --read_settings_files=on --write_settings_files=off FYP -c de2_115_golden_sopc
quartus_fit --read_settings_files=off --write_settings_files=off FYP -c de2_115_golden_sopc
quartus_asm --read_settings_files=off --write_settings_files=off FYP -c de2_115_golden_sopc
quartus_sta FYP -c de2_115_golden_sopc



